0 info it worked if it ends with ok
1 verbose cli [ '/usr/local/bin/node', '/usr/local/bin/npm', 'run', 'test' ]
2 info using npm@3.10.9
3 info using node@v6.9.2
4 verbose run-script [ 'pretest', 'test', 'posttest' ]
5 info lifecycle typedend@0.0.1~pretest: typedend@0.0.1
6 silly lifecycle typedend@0.0.1~pretest: no script for pretest, continuing
7 info lifecycle typedend@0.0.1~test: typedend@0.0.1
8 verbose lifecycle typedend@0.0.1~test: unsafe-perm in lifecycle true
9 verbose lifecycle typedend@0.0.1~test: PATH: /usr/local/lib/node_modules/npm/bin/node-gyp-bin:/Users/jk/Documents/development/typedend/node_modules/.bin:/usr/bin:/bin:/usr/sbin:/sbin:/usr/local/bin:/usr/local/opt/android-sdk/platform-tools:/usr/local/opt/android-sdk/tools:/opt/X11/bin:/Users/jk/.rvm/bin:/usr/local/Cellar/android-sdk/24.4.1_1/tools:/usr/local/Cellar/android-sdk/24.4.1_1/platform-tools
10 verbose lifecycle typedend@0.0.1~test: CWD: /Users/jk/Documents/development/typedend
11 silly lifecycle typedend@0.0.1~test: Args: [ '-c', 'jasmine-ts "src/**/*.spec.ts"' ]
12 silly lifecycle typedend@0.0.1~test: Returned: code: 1  signal: null
13 info lifecycle typedend@0.0.1~test: Failed to exec test script
14 verbose stack Error: typedend@0.0.1 test: `jasmine-ts "src/**/*.spec.ts"`
14 verbose stack Exit status 1
14 verbose stack     at EventEmitter.<anonymous> (/usr/local/lib/node_modules/npm/lib/utils/lifecycle.js:255:16)
14 verbose stack     at emitTwo (events.js:106:13)
14 verbose stack     at EventEmitter.emit (events.js:191:7)
14 verbose stack     at ChildProcess.<anonymous> (/usr/local/lib/node_modules/npm/lib/utils/spawn.js:40:14)
14 verbose stack     at emitTwo (events.js:106:13)
14 verbose stack     at ChildProcess.emit (events.js:191:7)
14 verbose stack     at maybeClose (internal/child_process.js:877:16)
14 verbose stack     at Process.ChildProcess._handle.onexit (internal/child_process.js:226:5)
15 verbose pkgid typedend@0.0.1
16 verbose cwd /Users/jk/Documents/development/typedend
17 error Darwin 15.6.0
18 error argv "/usr/local/bin/node" "/usr/local/bin/npm" "run" "test"
19 error node v6.9.2
20 error npm  v3.10.9
21 error code ELIFECYCLE
22 error typedend@0.0.1 test: `jasmine-ts "src/**/*.spec.ts"`
22 error Exit status 1
23 error Failed at the typedend@0.0.1 test script 'jasmine-ts "src/**/*.spec.ts"'.
23 error Make sure you have the latest version of node.js and npm installed.
23 error If you do, this is most likely a problem with the typedend package,
23 error not with npm itself.
23 error Tell the author that this fails on your system:
23 error     jasmine-ts "src/**/*.spec.ts"
23 error You can get information on how to open an issue for this project with:
23 error     npm bugs typedend
23 error Or if that isn't available, you can get their info via:
23 error     npm owner ls typedend
23 error There is likely additional logging output above.
24 verbose exit [ 1, true ]
